[31mfailed to load config from C:\Users\kaash\OneDrive\Desktop\CASHCART\VS Code\ev-charging-system\frontend\vite.config.js[39m
[31merror when starting dev server:
Error: Build failed with 1 error:

[plugin externalize-deps]
Error: spawn EPERM
    at ChildProcess.spawn (node:internal/child_process:420:11)
    at spawn (node:child_process:786:9)
    at Object.execFile (node:child_process:349:17)
    at exec (node:child_process:236:25)
    at optimizeSafeRealPathSync (file:///C:/Users/kaash/OneDrive/Desktop/CASHCART/VS%20Code/ev-charging-system/frontend/node_modules/vite/dist/node/chunks/node.js:1954:2)
    at windowsSafeRealPathSync (file:///C:/Users/kaash/OneDrive/Desktop/CASHCART/VS%20Code/ev-charging-system/frontend/node_modules/vite/dist/node/chunks/node.js:1940:3)
    at getRealPath (file:///C:/Users/kaash/OneDrive/Desktop/CASHCART/VS%20Code/ev-charging-system/frontend/node_modules/vite/dist/node/chunks/node.js:32309:36)
    at tryResolveRealFileOrType (file:///C:/Users/kaash/OneDrive/Desktop/CASHCART/VS%20Code/ev-charging-system/frontend/node_modules/vite/dist/node/chunks/node.js:32303:9)
    at tryCleanFsResolve (file:///C:/Users/kaash/OneDrive/Desktop/CASHCART/VS%20Code/ev-charging-system/frontend/node_modules/vite/dist/node/chunks/node.js:32047:21)
    at tryFsResolve (file:///C:/Users/kaash/OneDrive/Desktop/CASHCART/VS%20Code/ev-charging-system/frontend/node_modules/vite/dist/node/chunks/node.js:32040:14)
    at aggregateBindingErrorsIntoJsError (file:///C:/Users/kaash/OneDrive/Desktop/CASHCART/VS%20Code/ev-charging-system/frontend/node_modules/rolldown/dist/shared/error-BLhcSyeg.mjs:48:18)
    at unwrapBindingResult (file:///C:/Users/kaash/OneDrive/Desktop/CASHCART/VS%20Code/ev-charging-system/frontend/node_modules/rolldown/dist/shared/error-BLhcSyeg.mjs:18:128)
    at #build (file:///C:/Users/kaash/OneDrive/Desktop/CASHCART/VS%20Code/ev-charging-system/frontend/node_modules/rolldown/dist/shared/rolldown-build-CPrIX9V6.mjs:3313:34)
    at async bundleConfigFile (file:///C:/Users/kaash/OneDrive/Desktop/CASHCART/VS%20Code/ev-charging-system/frontend/node_modules/vite/dist/node/chunks/node.js:34527:17)
    at async bundleAndLoadConfigFile (file:///C:/Users/kaash/OneDrive/Desktop/CASHCART/VS%20Code/ev-charging-system/frontend/node_modules/vite/dist/node/chunks/node.js:34435:18)
    at async loadConfigFromFile (file:///C:/Users/kaash/OneDrive/Desktop/CASHCART/VS%20Code/ev-charging-system/frontend/node_modules/vite/dist/node/chunks/node.js:34404:42)
    at async resolveConfig (file:///C:/Users/kaash/OneDrive/Desktop/CASHCART/VS%20Code/ev-charging-system/frontend/node_modules/vite/dist/node/chunks/node.js:34028:22)
    at async _createServer (file:///C:/Users/kaash/OneDrive/Desktop/CASHCART/VS%20Code/ev-charging-system/frontend/node_modules/vite/dist/node/chunks/node.js:25917:65)
    at async CAC.<anonymous> (file:///C:/Users/kaash/OneDrive/Desktop/CASHCART/VS%20Code/ev-charging-system/frontend/node_modules/vite/dist/node/cli.js:709:18) {
  errors: [Getter/Setter]
}[39m
